[debug] [2021-05-12T10:18:12.338Z] ----------------------------------------------------------------------
[debug] [2021-05-12T10:18:12.345Z] Command:       C:\Program Files\nodejs\node.exe C:\Users\HP\AppData\Roaming\npm\node_modules\firebase-tools\lib\bin\firebase.js emulators:start
[debug] [2021-05-12T10:18:12.346Z] CLI Version:   9.10.2
[debug] [2021-05-12T10:18:12.347Z] Platform:      win32
[debug] [2021-05-12T10:18:12.347Z] Node Version:  v14.15.4
[debug] [2021-05-12T10:18:12.351Z] Time:          Wed May 12 2021 11:18:12 GMT+0100 (West Africa Standard Time)
[debug] [2021-05-12T10:18:12.351Z] ----------------------------------------------------------------------
[debug] 
[debug] [2021-05-12T10:18:12.369Z] > command requires scopes: ["email","openid","https://www.googleapis.com/auth/cloudplatformprojects.readonly","https://www.googleapis.com/auth/firebase","https://www.googleapis.com/auth/cloud-platform"]
[debug] [2021-05-12T10:18:12.370Z] > authorizing via signed-in user (adegbemiadeolu@gmail.com)
[info] i  emulators: Starting emulators: auth, functions, firestore, database, hosting {"metadata":{"emulator":{"name":"hub"},"message":"Starting emulators: auth, functions, firestore, database, hosting"}}
[debug] [2021-05-12T10:18:12.443Z] [hub] writing locator at C:\Users\HP\AppData\Local\Temp\hub-eden-toys.json
[warn] !  functions: The following emulators are not running, calls to these services from the Functions emulator will affect production: pubsub {"metadata":{"emulator":{"name":"functions"},"message":"The following emulators are not running, calls to these services from the Functions emulator will affect production: \u001b[1mpubsub\u001b[22m"}}
[warn] !  Your requested "node" version "12" doesn't match your global version "14" {"metadata":{"emulator":{"name":"functions"},"message":"Your requested \"node\" version \"12\" doesn't match your global version \"14\""}}
[debug] [2021-05-12T10:18:12.512Z] defaultcredentials: writing to file C:\Users\HP\AppData\Roaming\firebase\adegbemiadeolu_gmail_com_application_default_credentials.json
[debug] [2021-05-12T10:18:12.517Z] Setting GAC to C:\Users\HP\AppData\Roaming\firebase\adegbemiadeolu_gmail_com_application_default_credentials.json {"metadata":{"emulator":{"name":"functions"},"message":"Setting GAC to C:\\Users\\HP\\AppData\\Roaming\\firebase\\adegbemiadeolu_gmail_com_application_default_credentials.json"}}
[debug] [2021-05-12T10:18:12.524Z] >>> [apiv2][query] GET https://firebase.googleapis.com/v1beta1/projects/eden-toys/adminSdkConfig [none]
[debug] [2021-05-12T10:18:13.396Z] <<< [apiv2][status] GET https://firebase.googleapis.com/v1beta1/projects/eden-toys/adminSdkConfig 200
[debug] [2021-05-12T10:18:13.397Z] <<< [apiv2][body] GET https://firebase.googleapis.com/v1beta1/projects/eden-toys/adminSdkConfig {"projectId":"eden-toys","databaseURL":"https://eden-toys-default-rtdb.firebaseio.com","storageBucket":"eden-toys.appspot.com","locationId":"us-central"}
[debug] [2021-05-12T10:18:13.446Z] Ignoring unsupported arg: projectId {"metadata":{"emulator":{"name":"firestore"},"message":"Ignoring unsupported arg: projectId"}}
[debug] [2021-05-12T10:18:13.447Z] Ignoring unsupported arg: auto_download {"metadata":{"emulator":{"name":"firestore"},"message":"Ignoring unsupported arg: auto_download"}}
[debug] [2021-05-12T10:18:13.447Z] Starting Firestore Emulator with command {"binary":"java","args":["-Dgoogle.cloud_firestore.debug_log_level=FINE","-Duser.language=en","-jar","C:\\Users\\HP\\.cache\\firebase\\emulators\\cloud-firestore-emulator-v1.11.15.jar","--host","localhost","--port",8080,"--rules","C:\\Users\\HP\\Desktop\\edentoys\\firestore.rules","--functions_emulator","localhost:5001"],"optionalArgs":["port","webchannel_port","host","rules","functions_emulator","seed_from_export"],"joinArgs":false} {"metadata":{"emulator":{"name":"firestore"},"message":"Starting Firestore Emulator with command {\"binary\":\"java\",\"args\":[\"-Dgoogle.cloud_firestore.debug_log_level=FINE\",\"-Duser.language=en\",\"-jar\",\"C:\\\\Users\\\\HP\\\\.cache\\\\firebase\\\\emulators\\\\cloud-firestore-emulator-v1.11.15.jar\",\"--host\",\"localhost\",\"--port\",8080,\"--rules\",\"C:\\\\Users\\\\HP\\\\Desktop\\\\edentoys\\\\firestore.rules\",\"--functions_emulator\",\"localhost:5001\"],\"optionalArgs\":[\"port\",\"webchannel_port\",\"host\",\"rules\",\"functions_emulator\",\"seed_from_export\"],\"joinArgs\":false}"}}
[info] i  firestore: Firestore Emulator logging to firestore-debug.log {"metadata":{"emulator":{"name":"firestore"},"message":"Firestore Emulator logging to \u001b[1mfirestore-debug.log\u001b[22m"}}
[debug] [2021-05-12T10:18:16.053Z] >>> [apiv2][query] GET https://firebase.googleapis.com/v1beta1/projects/eden-toys [none]
[debug] [2021-05-12T10:18:16.878Z] <<< [apiv2][status] GET https://firebase.googleapis.com/v1beta1/projects/eden-toys 200
[debug] [2021-05-12T10:18:16.878Z] <<< [apiv2][body] GET https://firebase.googleapis.com/v1beta1/projects/eden-toys {"projectId":"eden-toys","projectNumber":"1039115557652","displayName":"Eden-Toys","name":"projects/eden-toys","resources":{"hostingSite":"eden-toys","realtimeDatabaseInstance":"eden-toys-default-rtdb","storageBucket":"eden-toys.appspot.com","locationId":"us-central"},"state":"ACTIVE"}
[debug] [2021-05-12T10:18:16.879Z] database rules config:  [{"instance":"eden-toys-default-rtdb","rules":"C:\\Users\\HP\\Desktop\\edentoys\\database.rules.json"}]
[debug] [2021-05-12T10:18:16.883Z] Ignoring unsupported arg: projectId {"metadata":{"emulator":{"name":"database"},"message":"Ignoring unsupported arg: projectId"}}
[debug] [2021-05-12T10:18:16.884Z] Ignoring unsupported arg: auto_download {"metadata":{"emulator":{"name":"database"},"message":"Ignoring unsupported arg: auto_download"}}
[debug] [2021-05-12T10:18:16.884Z] Ignoring unsupported arg: rules {"metadata":{"emulator":{"name":"database"},"message":"Ignoring unsupported arg: rules"}}
[debug] [2021-05-12T10:18:16.884Z] Starting Database Emulator with command {"binary":"java","args":["-Duser.language=en","-jar","C:\\Users\\HP\\.cache\\firebase\\emulators\\firebase-database-emulator-v4.7.2.jar","--host","localhost","--port",9000,"--functions_emulator_host","localhost","--functions_emulator_port",5001],"optionalArgs":["port","host","functions_emulator_port","functions_emulator_host"],"joinArgs":false} {"metadata":{"emulator":{"name":"database"},"message":"Starting Database Emulator with command {\"binary\":\"java\",\"args\":[\"-Duser.language=en\",\"-jar\",\"C:\\\\Users\\\\HP\\\\.cache\\\\firebase\\\\emulators\\\\firebase-database-emulator-v4.7.2.jar\",\"--host\",\"localhost\",\"--port\",9000,\"--functions_emulator_host\",\"localhost\",\"--functions_emulator_port\",5001],\"optionalArgs\":[\"port\",\"host\",\"functions_emulator_port\",\"functions_emulator_host\"],\"joinArgs\":false}"}}
[info] i  database: Database Emulator logging to database-debug.log {"metadata":{"emulator":{"name":"database"},"message":"Database Emulator logging to \u001b[1mdatabase-debug.log\u001b[22m"}}
[debug] [2021-05-12T10:18:24.882Z] >>> [apiv2][query] GET https://firebasehosting.googleapis.com/v1beta1/projects/eden-toys/sites 
[debug] [2021-05-12T10:18:26.617Z] <<< [apiv2][status] GET https://firebasehosting.googleapis.com/v1beta1/projects/eden-toys/sites 200
[debug] [2021-05-12T10:18:26.617Z] <<< [apiv2][body] GET https://firebasehosting.googleapis.com/v1beta1/projects/eden-toys/sites {"sites":[{"name":"projects/1039115557652/sites/eden-toys","defaultUrl":"https://eden-toys.web.app","appId":"1:1039115557652:web:886742082efef0d58f4001","type":"DEFAULT_SITE"}]}
[debug] [2021-05-12T10:18:26.618Z] >>> [apiv2][query] GET https://firebase.googleapis.com/v1beta1/projects/eden-toys/webApps/1:1039115557652:web:886742082efef0d58f4001/config [none]
[debug] [2021-05-12T10:18:27.916Z] <<< [apiv2][status] GET https://firebase.googleapis.com/v1beta1/projects/eden-toys/webApps/1:1039115557652:web:886742082efef0d58f4001/config 200
[debug] [2021-05-12T10:18:27.917Z] <<< [apiv2][body] GET https://firebase.googleapis.com/v1beta1/projects/eden-toys/webApps/1:1039115557652:web:886742082efef0d58f4001/config {"projectId":"eden-toys","appId":"1:1039115557652:web:886742082efef0d58f4001","databaseURL":"https://eden-toys-default-rtdb.firebaseio.com","storageBucket":"eden-toys.appspot.com","locationId":"us-central","apiKey":"AIzaSyCsJQpvIqJSuBnGbhEXF2yQYaZcu5zKHEY","authDomain":"eden-toys.firebaseapp.com","messagingSenderId":"1039115557652","measurementId":"G-SWMXX83W50"}
[info] i  hosting: Serving hosting files from: build {"metadata":{"emulator":{"name":"hosting"},"message":"Serving hosting files from: \u001b[1mbuild\u001b[22m"}}
[info] +  hosting: Local server: http://localhost:5000 {"metadata":{"emulator":{"name":"hosting"},"message":"Local server: \u001b[4m\u001b[1mhttp://localhost:5000\u001b[22m\u001b[24m"}}
[debug] [2021-05-12T10:18:28.012Z] Ignoring unsupported arg: auto_download {"metadata":{"emulator":{"name":"ui"},"message":"Ignoring unsupported arg: auto_download"}}
[debug] [2021-05-12T10:18:28.013Z] Ignoring unsupported arg: port {"metadata":{"emulator":{"name":"ui"},"message":"Ignoring unsupported arg: port"}}
[debug] [2021-05-12T10:18:28.013Z] Starting Emulator UI with command {"binary":"node","args":["C:\\Users\\HP\\.cache\\firebase\\emulators\\ui-v1.4.2\\server.bundle.js"],"optionalArgs":[],"joinArgs":false} {"metadata":{"emulator":{"name":"ui"},"message":"Starting Emulator UI with command {\"binary\":\"node\",\"args\":[\"C:\\\\Users\\\\HP\\\\.cache\\\\firebase\\\\emulators\\\\ui-v1.4.2\\\\server.bundle.js\"],\"optionalArgs\":[],\"joinArgs\":false}"}}
[info] i  ui: Emulator UI logging to ui-debug.log {"metadata":{"emulator":{"name":"ui"},"message":"Emulator UI logging to \u001b[1mui-debug.log\u001b[22m"}}
[debug] [2021-05-12T10:18:28.263Z] Web / API server started at http://localhost:4000
 {"metadata":{"emulator":{"name":"ui"},"message":"Web / API server started at http://localhost:4000\n"}}
[info] i  functions: Watching "C:\Users\HP\Desktop\edentoys\functions" for Cloud Functions... {"metadata":{"emulator":{"name":"functions"},"message":"Watching \"C:\\Users\\HP\\Desktop\\edentoys\\functions\" for Cloud Functions..."}}
[debug] [2021-05-12T10:18:28.334Z] [worker-pool] addWorker(~diagnostic~) {"metadata":{"emulator":{"name":"functions"},"message":"[worker-pool] addWorker(~diagnostic~)"}}
[debug] [2021-05-12T10:18:28.334Z] [worker-pool] Adding worker with key ~diagnostic~, total=1 {"metadata":{"emulator":{"name":"functions"},"message":"[worker-pool] Adding worker with key ~diagnostic~, total=1"}}
[debug] [2021-05-12T10:18:28.335Z] [worker-pool] submitWork(triggerId=) {"metadata":{"emulator":{"name":"functions"},"message":"[worker-pool] submitWork(triggerId=)"}}
[debug] [2021-05-12T10:18:28.336Z] [worker-~diagnostic~-8450b8be-456f-49e5-86ce-6aa914311132]: Assigning socketPath: \\?\pipe\C:\Users\HP\Desktop\edentoys\functions\7224 {"metadata":{"emulator":{"name":"functions"},"message":"[worker-~diagnostic~-8450b8be-456f-49e5-86ce-6aa914311132]: Assigning socketPath: \\\\?\\pipe\\C:\\Users\\HP\\Desktop\\edentoys\\functions\\7224"}}
[debug] [2021-05-12T10:18:28.337Z] [worker-~diagnostic~-8450b8be-456f-49e5-86ce-6aa914311132]: BUSY {"metadata":{"emulator":{"name":"functions"},"message":"[worker-~diagnostic~-8450b8be-456f-49e5-86ce-6aa914311132]: BUSY"}}
[debug] [2021-05-12T10:18:28.781Z] [runtime-status] [7224] Functions runtime initialized. {"cwd":"C:\\Users\\HP\\Desktop\\edentoys\\functions","node_version":"14.15.4"} {"metadata":{"emulator":{"name":"functions"},"message":"[runtime-status] [7224] Functions runtime initialized. {\"cwd\":\"C:\\\\Users\\\\HP\\\\Desktop\\\\edentoys\\\\functions\",\"node_version\":\"14.15.4\"}"}}
[debug] [2021-05-12T10:18:28.785Z] [runtime-status] [7224] Disabled runtime features: undefined {"metadata":{"emulator":{"name":"functions"},"message":"[runtime-status] [7224] Disabled runtime features: undefined"}}
[debug] [2021-05-12T10:18:28.795Z] [runtime-status] [7224] Resolved module firebase-admin {"declared":true,"installed":true,"version":"9.6.0","resolution":"C:\\Users\\HP\\Desktop\\edentoys\\functions\\node_modules\\firebase-admin\\lib\\index.js"} {"metadata":{"emulator":{"name":"functions"},"message":"[runtime-status] [7224] Resolved module firebase-admin {\"declared\":true,\"installed\":true,\"version\":\"9.6.0\",\"resolution\":\"C:\\\\Users\\\\HP\\\\Desktop\\\\edentoys\\\\functions\\\\node_modules\\\\firebase-admin\\\\lib\\\\index.js\"}"}}
[debug] [2021-05-12T10:18:28.797Z] [runtime-status] [7224] Resolved module firebase-functions {"declared":true,"installed":true,"version":"3.13.2","resolution":"C:\\Users\\HP\\Desktop\\edentoys\\functions\\node_modules\\firebase-functions\\lib\\index.js"} {"metadata":{"emulator":{"name":"functions"},"message":"[runtime-status] [7224] Resolved module firebase-functions {\"declared\":true,\"installed\":true,\"version\":\"3.13.2\",\"resolution\":\"C:\\\\Users\\\\HP\\\\Desktop\\\\edentoys\\\\functions\\\\node_modules\\\\firebase-functions\\\\lib\\\\index.js\"}"}}
[debug] [2021-05-12T10:18:28.799Z] [runtime-status] [7224] Resolved module firebase-functions {"declared":true,"installed":true,"version":"3.13.2","resolution":"C:\\Users\\HP\\Desktop\\edentoys\\functions\\node_modules\\firebase-functions\\lib\\index.js"} {"metadata":{"emulator":{"name":"functions"},"message":"[runtime-status] [7224] Resolved module firebase-functions {\"declared\":true,\"installed\":true,\"version\":\"3.13.2\",\"resolution\":\"C:\\\\Users\\\\HP\\\\Desktop\\\\edentoys\\\\functions\\\\node_modules\\\\firebase-functions\\\\lib\\\\index.js\"}"}}
[debug] [2021-05-12T10:18:28.803Z] [runtime-status] [7224] Outgoing network have been stubbed. [{"name":"http","status":"mocked"},{"name":"http","status":"mocked"},{"name":"https","status":"mocked"},{"name":"https","status":"mocked"},{"name":"net","status":"mocked"}] {"metadata":{"emulator":{"name":"functions"},"message":"[runtime-status] [7224] Outgoing network have been stubbed. [{\"name\":\"http\",\"status\":\"mocked\"},{\"name\":\"http\",\"status\":\"mocked\"},{\"name\":\"https\",\"status\":\"mocked\"},{\"name\":\"https\",\"status\":\"mocked\"},{\"name\":\"net\",\"status\":\"mocked\"}]"}}
[debug] [2021-05-12T10:18:28.804Z] [runtime-status] [7224] Resolved module firebase-functions {"declared":true,"installed":true,"version":"3.13.2","resolution":"C:\\Users\\HP\\Desktop\\edentoys\\functions\\node_modules\\firebase-functions\\lib\\index.js"} {"metadata":{"emulator":{"name":"functions"},"message":"[runtime-status] [7224] Resolved module firebase-functions {\"declared\":true,\"installed\":true,\"version\":\"3.13.2\",\"resolution\":\"C:\\\\Users\\\\HP\\\\Desktop\\\\edentoys\\\\functions\\\\node_modules\\\\firebase-functions\\\\lib\\\\index.js\"}"}}
[debug] [2021-05-12T10:18:28.922Z] [runtime-status] [7224] Checked functions.config() {"config":{}} {"metadata":{"emulator":{"name":"functions"},"message":"[runtime-status] [7224] Checked functions.config() {\"config\":{}}"}}
[debug] [2021-05-12T10:18:28.922Z] [runtime-status] [7224] firebase-functions has been stubbed. {"functionsResolution":{"declared":true,"installed":true,"version":"3.13.2","resolution":"C:\\Users\\HP\\Desktop\\edentoys\\functions\\node_modules\\firebase-functions\\lib\\index.js"}} {"metadata":{"emulator":{"name":"functions"},"message":"[runtime-status] [7224] firebase-functions has been stubbed. {\"functionsResolution\":{\"declared\":true,\"installed\":true,\"version\":\"3.13.2\",\"resolution\":\"C:\\\\Users\\\\HP\\\\Desktop\\\\edentoys\\\\functions\\\\node_modules\\\\firebase-functions\\\\lib\\\\index.js\"}}"}}
[debug] [2021-05-12T10:18:28.923Z] [runtime-status] [7224] Resolved module firebase-functions {"declared":true,"installed":true,"version":"3.13.2","resolution":"C:\\Users\\HP\\Desktop\\edentoys\\functions\\node_modules\\firebase-functions\\lib\\index.js"} {"metadata":{"emulator":{"name":"functions"},"message":"[runtime-status] [7224] Resolved module firebase-functions {\"declared\":true,\"installed\":true,\"version\":\"3.13.2\",\"resolution\":\"C:\\\\Users\\\\HP\\\\Desktop\\\\edentoys\\\\functions\\\\node_modules\\\\firebase-functions\\\\lib\\\\index.js\"}"}}
[debug] [2021-05-12T10:18:28.925Z] [runtime-status] [7224] Resolved module firebase-admin {"declared":true,"installed":true,"version":"9.6.0","resolution":"C:\\Users\\HP\\Desktop\\edentoys\\functions\\node_modules\\firebase-admin\\lib\\index.js"} {"metadata":{"emulator":{"name":"functions"},"message":"[runtime-status] [7224] Resolved module firebase-admin {\"declared\":true,\"installed\":true,\"version\":\"9.6.0\",\"resolution\":\"C:\\\\Users\\\\HP\\\\Desktop\\\\edentoys\\\\functions\\\\node_modules\\\\firebase-admin\\\\lib\\\\index.js\"}"}}
[debug] [2021-05-12T10:18:28.926Z] [runtime-status] [7224] Resolved module firebase-functions {"declared":true,"installed":true,"version":"3.13.2","resolution":"C:\\Users\\HP\\Desktop\\edentoys\\functions\\node_modules\\firebase-functions\\lib\\index.js"} {"metadata":{"emulator":{"name":"functions"},"message":"[runtime-status] [7224] Resolved module firebase-functions {\"declared\":true,\"installed\":true,\"version\":\"3.13.2\",\"resolution\":\"C:\\\\Users\\\\HP\\\\Desktop\\\\edentoys\\\\functions\\\\node_modules\\\\firebase-functions\\\\lib\\\\index.js\"}"}}
[debug] [2021-05-12T10:18:28.927Z] [runtime-status] [7224] firebase-admin has been stubbed. {"adminResolution":{"declared":true,"installed":true,"version":"9.6.0","resolution":"C:\\Users\\HP\\Desktop\\edentoys\\functions\\node_modules\\firebase-admin\\lib\\index.js"}} {"metadata":{"emulator":{"name":"functions"},"message":"[runtime-status] [7224] firebase-admin has been stubbed. {\"adminResolution\":{\"declared\":true,\"installed\":true,\"version\":\"9.6.0\",\"resolution\":\"C:\\\\Users\\\\HP\\\\Desktop\\\\edentoys\\\\functions\\\\node_modules\\\\firebase-admin\\\\lib\\\\index.js\"}}"}}
[warn] !  Error: Cannot find module 'sk_test_64dd0cecd97363b29c622213eddc397a1c444091'
Require stack:
- C:\Users\HP\Desktop\edentoys\functions\index.js
- C:\Users\HP\AppData\Roaming\npm\node_modules\firebase-tools\lib\emulator\functionsEmulatorRuntime.js
    at Function.Module._resolveFilename (internal/modules/cjs/loader.js:880:15)
    at Function.Module._load (internal/modules/cjs/loader.js:725:27)
    at Module.require (internal/modules/cjs/loader.js:952:19)
    at require (internal/modules/cjs/helpers.js:88:18)
    at Object.<anonymous> (C:\Users\HP\Desktop\edentoys\functions\index.js:4:18)
    at Module._compile (internal/modules/cjs/loader.js:1063:30)
    at Object.Module._extensions..js (internal/modules/cjs/loader.js:1092:10)
    at Module.load (internal/modules/cjs/loader.js:928:32)
    at Function.Module._load (internal/modules/cjs/loader.js:769:14)
    at Module.require (internal/modules/cjs/loader.js:952:19) {"metadata":{"emulator":{"name":"functions"},"message":"Error: Cannot find module 'sk_test_64dd0cecd97363b29c622213eddc397a1c444091'\nRequire stack:\n- C:\\Users\\HP\\Desktop\\edentoys\\functions\\index.js\n- C:\\Users\\HP\\AppData\\Roaming\\npm\\node_modules\\firebase-tools\\lib\\emulator\\functionsEmulatorRuntime.js\n    at Function.Module._resolveFilename (internal/modules/cjs/loader.js:880:15)\n    at Function.Module._load (internal/modules/cjs/loader.js:725:27)\n    at Module.require (internal/modules/cjs/loader.js:952:19)\n    at require (internal/modules/cjs/helpers.js:88:18)\n    at Object.<anonymous> (C:\\Users\\HP\\Desktop\\edentoys\\functions\\index.js:4:18)\n    at Module._compile (internal/modules/cjs/loader.js:1063:30)\n    at Object.Module._extensions..js (internal/modules/cjs/loader.js:1092:10)\n    at Module.load (internal/modules/cjs/loader.js:928:32)\n    at Function.Module._load (internal/modules/cjs/loader.js:769:14)\n    at Module.require (internal/modules/cjs/loader.js:952:19)"}}
[warn] !  We were unable to load your functions code. (see above) {"metadata":{"emulator":{"name":"functions"}}}
[debug] [2021-05-12T10:18:29.229Z] [worker-~diagnostic~-8450b8be-456f-49e5-86ce-6aa914311132]: exited {"metadata":{"emulator":{"name":"functions"},"message":"[worker-~diagnostic~-8450b8be-456f-49e5-86ce-6aa914311132]: exited"}}
[debug] [2021-05-12T10:18:29.230Z] [worker-~diagnostic~-8450b8be-456f-49e5-86ce-6aa914311132]: FINISHED {"metadata":{"emulator":{"name":"functions"},"message":"[worker-~diagnostic~-8450b8be-456f-49e5-86ce-6aa914311132]: FINISHED"}}
